This is pdfTeXk, Version 3.141592-1.40.3 (Web2C 7.5.6) (format=pdflatex 2007.5.18)  11 JUL 2009 15:12
entering extended mode
\write18 enabled.
 %&-line parsing enabled.
**child_users_guide.tex
(./child_users_guide.tex
LaTeX2e <2005/12/01>
Babel <v3.8h> and hyphenation patterns for english, usenglishmax, dumylang, noh
yphenation, arabic, basque, bulgarian, coptic, welsh, czech, slovak, german, ng
erman, danish, esperanto, spanish, catalan, galician, estonian, farsi, finnish,
 french, greek, monogreek, ancientgreek, croatian, hungarian, interlingua, ibyc
us, indonesian, icelandic, italian, latin, mongolian, dutch, norsk, polish, por
tuguese, pinyin, romanian, russian, slovenian, uppersorbian, serbian, swedish, 
turkish, ukenglish, ukrainian, loaded.
(/usr/local/texlive/2007/texmf-dist/tex/latex/base/article.cls
Document Class: article 2005/09/16 v1.4f Standard LaTeX document class
(/usr/local/texlive/2007/texmf-dist/tex/latex/base/size12.clo
File: size12.clo 2005/09/16 v1.4f Standard LaTeX file (size option)
)
\c@part=\count79
\c@section=\count80
\c@subsection=\count81
\c@subsubsection=\count82
\c@paragraph=\count83
\c@subparagraph=\count84
\c@figure=\count85
\c@table=\count86
\abovecaptionskip=\skip41
\belowcaptionskip=\skip42
\bibindent=\dimen102
)
(/usr/local/texlive/2007/texmf-dist/tex/latex/geometry/geometry.sty
Package: geometry 2002/07/08 v3.2 Page Geometry

(/usr/local/texlive/2007/texmf-dist/tex/latex/graphics/keyval.sty
Package: keyval 1999/03/16 v1.13 key=value parser (DPC)
\KV@toks@=\toks14
)
\Gm@cnth=\count87
\Gm@cntv=\count88
\c@Gm@tempcnt=\count89
\Gm@bindingoffset=\dimen103
\Gm@wd@mp=\dimen104
\Gm@odd@mp=\dimen105
\Gm@even@mp=\dimen106
\Gm@dimlist=\toks15

(/usr/local/texlive/2007/texmf-dist/tex/xelatex/xetexconfig/geometry.cfg))
(/usr/local/texlive/2007/texmf-dist/tex/latex/graphics/graphics.sty
Package: graphics 2006/02/20 v1.0o Standard LaTeX Graphics (DPC,SPQR)

(/usr/local/texlive/2007/texmf-dist/tex/latex/graphics/trig.sty
Package: trig 1999/03/16 v1.09 sin cos tan (DPC)
)
(/usr/local/texlive/2007/texmf/tex/latex/config/graphics.cfg
File: graphics.cfg 2007/01/18 v1.5 graphics configuration of teTeX/TeXLive
)
Package graphics Info: Driver file: pdftex.def on input line 90.

(/usr/local/texlive/2007/texmf-dist/tex/latex/pdftex-def/pdftex.def
File: pdftex.def 2007/01/08 v0.04d Graphics/color for pdfTeX
\Gread@gobject=\count90
))
(/usr/local/texlive/2007/texmf-dist/tex/latex/amsmath/amsmath.sty
Package: amsmath 2000/07/18 v2.13 AMS math features
\@mathmargin=\skip43

For additional information on amsmath, use the `?' option.
(/usr/local/texlive/2007/texmf-dist/tex/latex/amsmath/amstext.sty
Package: amstext 2000/06/29 v2.01

(/usr/local/texlive/2007/texmf-dist/tex/latex/amsmath/amsgen.sty
File: amsgen.sty 1999/11/30 v2.0
\@emptytoks=\toks16
\ex@=\dimen107
))
(/usr/local/texlive/2007/texmf-dist/tex/latex/amsmath/amsbsy.sty
Package: amsbsy 1999/11/29 v1.2d
\pmbraise@=\dimen108
)
(/usr/local/texlive/2007/texmf-dist/tex/latex/amsmath/amsopn.sty
Package: amsopn 1999/12/14 v2.01 operator names
)
\inf@bad=\count91
LaTeX Info: Redefining \frac on input line 211.
\uproot@=\count92
\leftroot@=\count93
LaTeX Info: Redefining \overline on input line 307.
\classnum@=\count94
\DOTSCASE@=\count95
LaTeX Info: Redefining \ldots on input line 379.
LaTeX Info: Redefining \dots on input line 382.
LaTeX Info: Redefining \cdots on input line 467.
\Mathstrutbox@=\box26
\strutbox@=\box27
\big@size=\dimen109
LaTeX Font Info:    Redeclaring font encoding OML on input line 567.
LaTeX Font Info:    Redeclaring font encoding OMS on input line 568.
\macc@depth=\count96
\c@MaxMatrixCols=\count97
\dotsspace@=\muskip10
\c@parentequation=\count98
\dspbrk@lvl=\count99
\tag@help=\toks17
\row@=\count100
\column@=\count101
\maxfields@=\count102
\andhelp@=\toks18
\eqnshift@=\dimen110
\alignsep@=\dimen111
\tagshift@=\dimen112
\tagwidth@=\dimen113
\totwidth@=\dimen114
\lineht@=\dimen115
\@envbody=\toks19
\multlinegap=\skip44
\multlinetaggap=\skip45
\mathdisplay@stack=\toks20
LaTeX Info: Redefining \[ on input line 2666.
LaTeX Info: Redefining \] on input line 2667.
)
(/usr/local/texlive/2007/texmf-dist/tex/latex/fancyvrb/fancyvrb.sty
Package: fancyvrb 1998/07/17

Style option: `fancyvrb' v2.6, with DG/SPQR fixes <1998/07/17> (tvz)
\FV@CodeLineNo=\count103
\FV@InFile=\read1
\FV@TabBox=\box28
\c@FancyVerbLine=\count104
\FV@StepNumber=\count105
\FV@OutFile=\write3

No file fancyvrb.cfg.
) (./gt.sty) (./child_users_guide.aux)
\openout1 = `child_users_guide.aux'.

LaTeX Font Info:    Checking defaults for OML/cmm/m/it on input line 19.
LaTeX Font Info:    ... okay on input line 19.
LaTeX Font Info:    Checking defaults for T1/cmr/m/n on input line 19.
LaTeX Font Info:    ... okay on input line 19.
LaTeX Font Info:    Checking defaults for OT1/cmr/m/n on input line 19.
LaTeX Font Info:    ... okay on input line 19.
LaTeX Font Info:    Checking defaults for OMS/cmsy/m/n on input line 19.
LaTeX Font Info:    ... okay on input line 19.
LaTeX Font Info:    Checking defaults for OMX/cmex/m/n on input line 19.
LaTeX Font Info:    ... okay on input line 19.
LaTeX Font Info:    Checking defaults for U/cmr/m/n on input line 19.
LaTeX Font Info:    ... okay on input line 19.
-------------------- Geometry parameters
paper: class default
landscape: --
twocolumn: --
twoside: --
asymmetric: --
h-parts: 92.14519pt, 0.7\paperwidth , 92.14519pt (default)
v-parts: 95.39737pt, 0.7\paperheight , 143.09605pt (default)
hmarginratio: 1:1
vmarginratio: 2:3
lines: --
heightrounded: --
bindingoffset: 0.0pt
truedimen: --
includehead: --
includefoot: --
includemp: --
driver: pdftex
-------------------- Page layout dimensions and switches
\paperwidth  614.295pt
\paperheight 794.96999pt
\textwidth  430.00462pt
\textheight 556.47656pt
\oddsidemargin  19.8752pt
\evensidemargin 19.8752pt
\topmargin  -13.87262pt
\headheight 12.0pt
\headsep    25.0pt
\footskip   30.0pt
\marginparwidth 44.0pt
\marginparsep   10.0pt
\columnsep  10.0pt
\skip\footins  10.8pt plus 4.0pt minus 2.0pt
\hoffset 0.0pt
\voffset 0.0pt
\mag 1000

(1in=72.27pt, 1cm=28.45pt)
-----------------------

(/usr/local/texlive/2007/texmf-dist/tex/context/base/supp-pdf.tex
[Loading MPS to PDF converter (version 2006.09.02).]
\scratchcounter=\count106
\scratchdimen=\dimen116
\scratchbox=\box29
\nofMPsegments=\count107
\nofMParguments=\count108
\MPscratchCnt=\count109
\MPscratchDim=\dimen117
\MPnumerator=\count110
\everyMPtoPDFconversion=\toks21
)
Overfull \hbox (20.47987pt too wide) in paragraph at lines 21--21
 [] 
 []

(./child_users_guide.toc [1

{/usr/local/texlive/2007/texmf-var/fonts/map/pdftex/updmap/pdftex.map}])
\tf@toc=\write4
\openout4 = `child_users_guide.toc'.

 [2] [3] [4]
Missing character: There is no Ô in font cmtt12!
Missing character: There is no Õ in font cmtt12!
 [5]
<examplerun1.pdf, id=23, 433.62pt x 216.81pt>
File: examplerun1.pdf Graphic file (type pdf)
 <use examplerun1.pdf>
Overfull \hbox (3.61432pt too wide) in paragraph at lines 110--111
 [][] 
 []


Underfull \hbox (badness 4752) in paragraph at lines 111--111
[]\OT1/cmr/m/n/12 Figure 1: Ex-am-ple model run: to-po-graphic sur-face gen-er-
ated by the
 []

[6] [7 <./examplerun1.pdf>] [8] [9]
LaTeX Font Info:    Try loading font information for OMS+cmr on input line 206.


(/usr/local/texlive/2007/texmf-dist/tex/latex/base/omscmr.fd
File: omscmr.fd 1999/05/25 v2.5h Standard LaTeX font definitions
)
LaTeX Font Info:    Font shape `OMS/cmr/m/n' in size <12> not available
(Font)              Font shape `OMS/cmsy/m/n' tried instead on input line 206.
Missing character: There is no Ò in font cmr12!
Missing character: There is no Ó in font cmr12!

<hexmesh.pdf, id=59, 433.62pt x 161.60374pt>
File: hexmesh.pdf Graphic file (type pdf)
 <use hexmesh.pdf>
Overfull \hbox (3.61432pt too wide) in paragraph at lines 223--224
 [][] 
 []

<boundaries.pdf, id=60, 452.69125pt x 348.30125pt>
File: boundaries.pdf Graphic file (type pdf)
 <use boundaries.pdf>
Overfull \hbox (22.68552pt too wide) in paragraph at lines 230--231
 [][] 
 []

[10]
Overfull \hbox (3.32028pt too wide) in paragraph at lines 239--240
\OT1/cmr/m/n/12 and Y[]GRID[]SIZE (in me-ters). Set the op-tion for point place
-ment, OPT[]PT[]PLACE,
 []

[11 <./hexmesh.pdf>] [12 <./boundaries.pdf>] [13] [14]
<pointmesh.pdf, id=114, 490.83376pt x 389.455pt>
File: pointmesh.pdf Graphic file (type pdf)
 <use pointmesh.pdf>
Overfull \hbox (60.82793pt too wide) in paragraph at lines 303--304
 [][] 
 []


Overfull \hbox (4.21722pt too wide) in paragraph at lines 312--312
[]\OT1/cmr/bx/n/17.28 Run Con-trol Pa-ram-e-ters: Name, Du-ra-tion, Out-
 []

[15] [16 <./pointmesh.pdf>]
Missing character: There is no Õ in font cmr12!
 [17] [18]

Package amsmath Warning: Foreign command \over;
(amsmath)                \frac or \genfrac should be used instead
(amsmath)                 on input line 361.

[19]

LaTeX Warning: Reference `' on page 20 undefined on input line 374.


Overfull \hbox (9.46864pt too wide) in paragraph at lines 374--375
\OT1/cmr/m/n/12 runoff rate in me-ters per year) which is spec-i-fied in the pa
-ram-e-ter BANK-FULLEVENT.
 []

[20] [21] [22] [23]
Overfull \hbox (3.00122pt too wide) in paragraph at lines 476--477
[]\OT1/cmr/m/n/12 This is a power-law shear-
 []


Overfull \hbox (12.27057pt too wide) in paragraph at lines 487--488
[]\OT1/cmr/m/n/12 This power-law shear-stress
 []

[24]
Overfull \hbox (30.57478pt too wide) in paragraph at lines 508--509
[]
 []

[25] [26] [27]
Overfull \hbox (5.66476pt too wide) in paragraph at lines 563--565
[]\OT1/cmtt/m/n/10.95 [layerdata,nlayers,today]=creadlayers(basenm, ts, numg, f
ormat[]version )  
 []

[28] [29]
Overfull \hbox (5.34148pt too wide) in paragraph at lines 604--606
[]\OT1/cmr/m/n/12 2-D cosine-based uplift-subsidence pat-tern. Re-quires FOLD-W
AVE-
 []


Overfull \hbox (12.838pt too wide) in paragraph at lines 606--607
[]\OT1/cmr/m/n/12 Requires FOLD-WAVE-LEN, FOLD-
 []


Overfull \hbox (1.98798pt too wide) in paragraph at lines 608--609
[]\OT1/cmr/m/n/12 Requires SLIPRATE, FAULT-POS, FLAT-DEPTH, RAM-PDIP,
 []

[30]
Overfull \hbox (65.03935pt too wide) in paragraph at lines 609--610
[]\OT1/cmr/m/n/12 Requires AC-CEL[]REL[]UPTIME, VER-TI-CAL[]THROW,
 []


Overfull \hbox (32.49211pt too wide) in paragraph at lines 613--614
\OT1/cmr/m/n/12 FRONT[]PROP[]RATE, UP-LIFT[]FRONT[]GRADIENT, and START-ING[]YCO
ORD. 
 []


Overfull \hbox (8.53676pt too wide) in paragraph at lines 622--622
[]\OT1/cmr/bx/n/14.4 How to Cre-ate \OT1/cmr/bx/it/14.4 tTimeSeries\OT1/cmr/bx/
n/14.4 -Compatible Pa-ram-e-ter Files 
 []

[31] [32] [33]
Overfull \hbox (26.9456pt too wide) in paragraph at lines 752--752
[]             \OT1/cmtt/m/n/12 %That makes 3 columns. Note the units definitio
n. this is not[] 
 []


Overfull \hbox (4.43207pt too wide) in paragraph at lines 760--763
\OT1/cmr/m/n/12 po-ral be-haviour is only slighly non-trivial. We can there-for
e de-fine the time/parameter
 []

[34] [35] [36] [37]
Overfull \hbox (2.86897pt too wide) in paragraph at lines 862--863
[]\OT1/cmr/m/n/12 Code for detachment-capacity law to be ap-plied (see text). 
 []

[38] [39] [40]
Overfull \hbox (10.84653pt too wide) in paragraph at lines 919--920
[]\OT1/cmr/m/n/12 For kine-matic wave water-routing mod-ule: ex-po-nent on dept
h-
 []

[41]
Overfull \hbox (4.1725pt too wide) in paragraph at lines 932--933
[]\OT1/cmr/m/n/12 If dy-namic re-meshing based on ero-sion rates
 []


Overfull \hbox (2.90178pt too wide) in paragraph at lines 934--935
[]\OT1/cmr/m/n/12 For dy-namic re-meshing based on drainage
 []

[42] [43] [44] [45] [46]
Missing character: There is no Ð in font cmr12!
Missing character: There is no Ð in font cmr12!
 [47]
Underfull \hbox (badness 1221) in paragraph at lines 1074--1076
[]\OT1/cmr/m/n/12 Gasparini, N.M., Whip-ple, K.X., and Bras, R.L., 2007, Pre-di
c-tions of
 []

[48]
Underfull \hbox (badness 1472) in paragraph at lines 1108--1109
[]\OT1/cmr/m/n/12 S^^Solyom, P., and Tucker, G.E. (2004) The ef-fect of lim-ite
d storm du-
 []


Underfull \hbox (badness 1067) in paragraph at lines 1108--1109
\OT1/cmr/m/n/12 ra-tion on land-scape evo-lu-tion, drainage basin ge-om-e-try a
nd hy-dro-graph
 []

[49]
Missing character: There is no Ð in font cmr12!
 [50] (./child_users_guide.aux)

LaTeX Warning: There were undefined references.

 ) 
Here is how much of TeX's memory you used:
 2237 strings out of 94073
 29388 string characters out of 1162984
 85806 words of memory out of 1500000
 5522 multiletter control sequences out of 10000+50000
 13965 words of font info for 50 fonts, out of 1200000 for 2000
 645 hyphenation exceptions out of 8191
 27i,12n,20p,1813b,253s stack positions out of 5000i,500n,6000p,200000b,5000s
</usr/local/texlive/2007/texmf-dist/fonts/type1/bluesky/cm/cmbx12.pfb></usr/l
ocal/texlive/2007/texmf-dist/fonts/type1/bluesky/cm/cmbxti10.pfb></usr/local/te
xlive/2007/texmf-dist/fonts/type1/bluesky/cm/cmex10.pfb></usr/local/texlive/200
7/texmf-dist/fonts/type1/bluesky/cm/cmmi12.pfb></usr/local/texlive/2007/texmf-d
ist/fonts/type1/bluesky/cm/cmmi6.pfb></usr/local/texlive/2007/texmf-dist/fonts/
type1/bluesky/cm/cmmi8.pfb></usr/local/texlive/2007/texmf-dist/fonts/type1/blue
sky/cm/cmmib10.pfb></usr/local/texlive/2007/texmf-dist/fonts/type1/bluesky/cm/c
mr12.pfb></usr/local/texlive/2007/texmf-dist/fonts/type1/bluesky/cm/cmr17.pfb><
/usr/local/texlive/2007/texmf-dist/fonts/type1/bluesky/cm/cmr6.pfb></usr/local/
texlive/2007/texmf-dist/fonts/type1/bluesky/cm/cmr8.pfb></usr/local/texlive/200
7/texmf-dist/fonts/type1/bluesky/cm/cmsy10.pfb></usr/local/texlive/2007/texmf-d
ist/fonts/type1/bluesky/cm/cmsy8.pfb></usr/local/texlive/2007/texmf-dist/fonts/
type1/bluesky/cm/cmti12.pfb></usr/local/texlive/2007/texmf-dist/fonts/type1/blu
esky/cm/cmtt10.pfb></usr/local/texlive/2007/texmf-dist/fonts/type1/bluesky/cm/c
mtt12.pfb>
Output written on child_users_guide.pdf (50 pages, 609465 bytes).
PDF statistics:
 300 PDF objects out of 1000 (max. 8388607)
 0 named destinations out of 1000 (max. 131072)
 21 words of extra memory for PDF output out of 10000 (max. 10000000)

